c:\adriel\school\humber\sem 3\midstone\sdl_framework23.0.0\framework\debug\vc143.pdb
c:\adriel\school\humber\sem 3\midstone\sdl_framework23.0.0\framework\debug\vc143.idb
c:\adriel\school\humber\sem 3\midstone\midstone-flat-eathers\sdl_framework23.0.0\framework\debug\vc143.pdb
c:\adriel\school\humber\sem 3\midstone\midstone-flat-eathers\sdl_framework23.0.0\framework\debug\vc143.idb
c:\adriel\school\humber\sem 3\midstone\midstone-flat-eathers\sdl_framework23.0.0\framework\debug\window.obj
c:\adriel\school\humber\sem 3\midstone\midstone-flat-eathers\sdl_framework23.0.0\framework\debug\timer.obj
c:\adriel\school\humber\sem 3\midstone\midstone-flat-eathers\sdl_framework23.0.0\framework\debug\scene_test.obj
c:\adriel\school\humber\sem 3\midstone\midstone-flat-eathers\sdl_framework23.0.0\framework\debug\scene0.obj
c:\adriel\school\humber\sem 3\midstone\midstone-flat-eathers\sdl_framework23.0.0\framework\debug\player.obj
c:\adriel\school\humber\sem 3\midstone\midstone-flat-eathers\sdl_framework23.0.0\framework\debug\main.obj
c:\adriel\school\humber\sem 3\midstone\midstone-flat-eathers\sdl_framework23.0.0\framework\debug\gamemanager.obj
c:\adriel\school\humber\sem 3\midstone\midstone-flat-eathers\sdl_framework23.0.0\framework\debug\debugfunc.obj
c:\adriel\school\humber\sem 3\midstone\midstone-flat-eathers\sdl_framework23.0.0\framework\debug\clock.obj
c:\adriel\school\humber\sem 3\midstone\midstone-flat-eathers\sdl_framework23.0.0\framework\debug\body.obj
c:\adriel\school\humber\sem 3\midstone\midstone-flat-eathers\sdl_framework23.0.0\debug\framework.exe
c:\adriel\school\humber\sem 3\midstone\midstone-flat-eathers\sdl_framework23.0.0\framework\debug\framework.ilk
c:\adriel\school\humber\sem 3\midstone\midstone-flat-eathers\sdl_framework23.0.0\debug\framework.pdb
c:\adriel\school\humber\sem 3\midstone\midstone-flat-eathers\sdl_framework23.0.0\framework\debug\hitbox.obj
c:\adriel\school\humber\sem 3\midstone\midstone-flat-eathers\sdl_framework23.0.0\framework\debug\matrix.obj
c:\adriel\school\humber\sem 3\midstone\midstone-flat-eathers\sdl_framework23.0.0\framework\debug\matrixmath.obj
c:\adriel\school\humber\sem 3\midstone\midstone-flat-eathers\sdl_framework23.0.0\framework\debug\mmath.obj
c:\adriel\school\humber\sem 3\midstone\midstone-flat-eathers\sdl_framework23.0.0\framework\debug\sceneusingvec.obj
c:\adriel\school\humber\sem 3\midstone\midstone-flat-eathers\sdl_framework23.0.0\framework\debug\time.obj
c:\adriel\school\humber\sem 3\midstone\midstone-flat-eathers\sdl_framework23.0.0\framework\debug\vector.obj
c:\adriel\school\humber\sem 3\midstone\midstone-flat-eathers\sdl_framework23.0.0\framework\debug\vectormath.obj
c:\adriel\school\humber\sem 3\midstone\midstone-flat-eathers\sdl_framework23.0.0\framework\debug\vmath.obj
c:\adriel\school\humber\sem 3\midstone\midstone-flat-eathers\sdl_framework23.0.0\framework\debug\scene0.obj.enc
c:\adriel\school\humber\sem 3\midstone\midstone-flat-eathers\sdl_framework23.0.0\framework\debug\framework.tlog\cl.command.1.tlog
c:\adriel\school\humber\sem 3\midstone\midstone-flat-eathers\sdl_framework23.0.0\framework\debug\framework.tlog\cl.read.1.tlog
c:\adriel\school\humber\sem 3\midstone\midstone-flat-eathers\sdl_framework23.0.0\framework\debug\framework.tlog\cl.write.1.tlog
c:\adriel\school\humber\sem 3\midstone\midstone-flat-eathers\sdl_framework23.0.0\framework\debug\framework.tlog\link.command.1.tlog
c:\adriel\school\humber\sem 3\midstone\midstone-flat-eathers\sdl_framework23.0.0\framework\debug\framework.tlog\link.read.1.tlog
c:\adriel\school\humber\sem 3\midstone\midstone-flat-eathers\sdl_framework23.0.0\framework\debug\framework.tlog\link.write.1.tlog
