  scene_test.cpp
C:\Adriel\School\Humber\Sem 3\Midstone\Midstone-Flat-Eathers\SDL_Framework23.0.0\Framework\scene_test.cpp(69,104): warning C4244: 'argument': conversion from 'int' to 'float', possible loss of data
C:\Adriel\School\Humber\Sem 3\Midstone\Midstone-Flat-Eathers\SDL_Framework23.0.0\Framework\scene_test.cpp(69,59): warning C4244: 'argument': conversion from 'int' to 'float', possible loss of data
C:\Adriel\School\Humber\Sem 3\Midstone\Midstone-Flat-Eathers\SDL_Framework23.0.0\Framework\scene_test.cpp(72,115): warning C4244: 'argument': conversion from 'int' to 'float', possible loss of data
C:\Adriel\School\Humber\Sem 3\Midstone\Midstone-Flat-Eathers\SDL_Framework23.0.0\Framework\scene_test.cpp(72,64): warning C4244: 'argument': conversion from 'int' to 'float', possible loss of data
C:\Adriel\School\Humber\Sem 3\Midstone\Midstone-Flat-Eathers\SDL_Framework23.0.0\Framework\scene_test.cpp(108,97): warning C4244: 'argument': conversion from 'int' to 'float', possible loss of data
C:\Adriel\School\Humber\Sem 3\Midstone\Midstone-Flat-Eathers\SDL_Framework23.0.0\Framework\scene_test.cpp(108,52): warning C4244: 'argument': conversion from 'int' to 'float', possible loss of data
C:\Adriel\School\Humber\Sem 3\Midstone\Midstone-Flat-Eathers\SDL_Framework23.0.0\Framework\scene_test.cpp(111,37): warning C4838: conversion from 'float' to 'int' requires a narrowing conversion
C:\Adriel\School\Humber\Sem 3\Midstone\Midstone-Flat-Eathers\SDL_Framework23.0.0\Framework\scene_test.cpp(111,37): warning C4244: 'initializing': conversion from 'float' to 'int', possible loss of data
C:\Adriel\School\Humber\Sem 3\Midstone\Midstone-Flat-Eathers\SDL_Framework23.0.0\Framework\scene_test.cpp(111,58): warning C4838: conversion from 'float' to 'int' requires a narrowing conversion
C:\Adriel\School\Humber\Sem 3\Midstone\Midstone-Flat-Eathers\SDL_Framework23.0.0\Framework\scene_test.cpp(111,58): warning C4244: 'initializing': conversion from 'float' to 'int', possible loss of data
C:\Adriel\School\Humber\Sem 3\Midstone\Midstone-Flat-Eathers\SDL_Framework23.0.0\Framework\scene_test.cpp(111,78): warning C4838: conversion from 'float' to 'int' requires a narrowing conversion
C:\Adriel\School\Humber\Sem 3\Midstone\Midstone-Flat-Eathers\SDL_Framework23.0.0\Framework\scene_test.cpp(111,78): warning C4244: 'initializing': conversion from 'float' to 'int', possible loss of data
C:\Adriel\School\Humber\Sem 3\Midstone\Midstone-Flat-Eathers\SDL_Framework23.0.0\Framework\scene_test.cpp(111,98): warning C4838: conversion from 'float' to 'int' requires a narrowing conversion
C:\Adriel\School\Humber\Sem 3\Midstone\Midstone-Flat-Eathers\SDL_Framework23.0.0\Framework\scene_test.cpp(111,98): warning C4244: 'initializing': conversion from 'float' to 'int', possible loss of data
C:\Adriel\School\Humber\Sem 3\Midstone\Midstone-Flat-Eathers\SDL_Framework23.0.0\Framework\scene_test.cpp(118,111): warning C4244: 'argument': conversion from 'int' to 'float', possible loss of data
C:\Adriel\School\Humber\Sem 3\Midstone\Midstone-Flat-Eathers\SDL_Framework23.0.0\Framework\scene_test.cpp(118,60): warning C4244: 'argument': conversion from 'int' to 'float', possible loss of data
C:\Adriel\School\Humber\Sem 3\Midstone\Midstone-Flat-Eathers\SDL_Framework23.0.0\Framework\scene_test.cpp(165,45): warning C4838: conversion from 'float' to 'int' requires a narrowing conversion
C:\Adriel\School\Humber\Sem 3\Midstone\Midstone-Flat-Eathers\SDL_Framework23.0.0\Framework\scene_test.cpp(165,45): warning C4244: 'initializing': conversion from 'float' to 'int', possible loss of data
C:\Adriel\School\Humber\Sem 3\Midstone\Midstone-Flat-Eathers\SDL_Framework23.0.0\Framework\scene_test.cpp(165,61): warning C4838: conversion from 'float' to 'int' requires a narrowing conversion
C:\Adriel\School\Humber\Sem 3\Midstone\Midstone-Flat-Eathers\SDL_Framework23.0.0\Framework\scene_test.cpp(165,61): warning C4244: 'initializing': conversion from 'float' to 'int', possible loss of data
  Framework.vcxproj -> C:\Adriel\School\Humber\Sem 3\Midstone\Midstone-Flat-Eathers\SDL_Framework23.0.0\Debug\Framework.exe
